<?xml version="1.0" encoding="UTF-8"?>
<robot generator="Robot 4.1.3 (Python 3.10.2 on win32)" generated="20220124 22:11:39.258" rpa="false" schemaversion="2">
<suite id="s1" name="Test login" source="C:\Users\ingri\OneDrive\Área de Trabalho\Python\test\Test_login.robot">
<test id="s1-t1" name="Caso de Teste 01: Acessar a login do site">
<kw name="Abrir navegador" library="Resource" type="SETUP">
<kw name="Open Browser" library="SeleniumLibrary">
<arg>about:blank</arg>
<arg>${BROWSER}</arg>
<doc>Opens a new browser instance to the optional ``url``.</doc>
<msg timestamp="20220124 22:11:39.414" level="INFO">Opening browser 'chrome' to base url 'about:blank'.</msg>
<status status="PASS" starttime="20220124 22:11:39.413" endtime="20220124 22:11:40.372"/>
</kw>
<status status="PASS" starttime="20220124 22:11:39.413" endtime="20220124 22:11:40.372"/>
</kw>
<kw name="Acessar a pagina login do site" library="Resource">
<kw name="Go To" library="SeleniumLibrary">
<arg>${URL}</arg>
<doc>Navigates the current browser window to the provided ``url``.</doc>
<msg timestamp="20220124 22:11:40.372" level="INFO">Opening url 'https://www.saucedemo.com/'</msg>
<status status="PASS" starttime="20220124 22:11:40.372" endtime="20220124 22:11:40.568"/>
</kw>
<kw name="Title Should Be" library="SeleniumLibrary">
<arg>Swag Labs</arg>
<doc>Verifies that the current page title equals ``title``.</doc>
<msg timestamp="20220124 22:11:40.571" level="INFO">Page title is 'Swag Labs'.</msg>
<status status="PASS" starttime="20220124 22:11:40.568" endtime="20220124 22:11:40.571"/>
</kw>
<status status="PASS" starttime="20220124 22:11:40.372" endtime="20220124 22:11:40.571"/>
</kw>
<status status="PASS" starttime="20220124 22:11:39.413" endtime="20220124 22:11:40.572"/>
</test>
<test id="s1-t2" name="Caso de Teste 02: Fazer login no site">
<kw name="Abrir navegador" library="Resource" type="SETUP">
<kw name="Open Browser" library="SeleniumLibrary">
<arg>about:blank</arg>
<arg>${BROWSER}</arg>
<doc>Opens a new browser instance to the optional ``url``.</doc>
<msg timestamp="20220124 22:11:40.573" level="INFO">Opening browser 'chrome' to base url 'about:blank'.</msg>
<status status="PASS" starttime="20220124 22:11:40.573" endtime="20220124 22:11:41.516"/>
</kw>
<status status="PASS" starttime="20220124 22:11:40.573" endtime="20220124 22:11:41.516"/>
</kw>
<kw name="Acessar a pagina login do site" library="Resource">
<kw name="Go To" library="SeleniumLibrary">
<arg>${URL}</arg>
<doc>Navigates the current browser window to the provided ``url``.</doc>
<msg timestamp="20220124 22:11:41.516" level="INFO">Opening url 'https://www.saucedemo.com/'</msg>
<status status="PASS" starttime="20220124 22:11:41.516" endtime="20220124 22:11:41.710"/>
</kw>
<kw name="Title Should Be" library="SeleniumLibrary">
<arg>Swag Labs</arg>
<doc>Verifies that the current page title equals ``title``.</doc>
<msg timestamp="20220124 22:11:41.712" level="INFO">Page title is 'Swag Labs'.</msg>
<status status="PASS" starttime="20220124 22:11:41.710" endtime="20220124 22:11:41.713"/>
</kw>
<status status="PASS" starttime="20220124 22:11:41.516" endtime="20220124 22:11:41.713"/>
</kw>
<kw name="Preencher o &quot;usuario&quot;" library="Resource">
<kw name="Input Text" library="SeleniumLibrary">
<arg>id=user-name</arg>
<arg>standard_user</arg>
<doc>Types the given ``text`` into the text field identified by ``locator``.</doc>
<msg timestamp="20220124 22:11:41.714" level="INFO">Typing text 'standard_user' into text field 'id=user-name'.</msg>
<status status="PASS" starttime="20220124 22:11:41.713" endtime="20220124 22:11:41.771"/>
</kw>
<status status="PASS" starttime="20220124 22:11:41.713" endtime="20220124 22:11:41.771"/>
</kw>
<kw name="Preencher com a &quot;senha&quot;" library="Resource">
<kw name="Input Text" library="SeleniumLibrary">
<arg>xpath=//*[@id="password"]</arg>
<arg>secret_sauce</arg>
<doc>Types the given ``text`` into the text field identified by ``locator``.</doc>
<msg timestamp="20220124 22:11:41.772" level="INFO">Typing text 'secret_sauce' into text field 'xpath=//*[@id="password"]'.</msg>
<status status="PASS" starttime="20220124 22:11:41.772" endtime="20220124 22:11:41.819"/>
</kw>
<status status="PASS" starttime="20220124 22:11:41.772" endtime="20220124 22:11:41.820"/>
</kw>
<kw name="Clicar no botao &quot;login&quot;" library="Resource">
<kw name="Click Element" library="SeleniumLibrary">
<arg>id=login-button</arg>
<doc>Click the element identified by ``locator``.</doc>
<msg timestamp="20220124 22:11:41.820" level="INFO">Clicking element 'id=login-button'.</msg>
<status status="PASS" starttime="20220124 22:11:41.820" endtime="20220124 22:11:41.870"/>
</kw>
<status status="PASS" starttime="20220124 22:11:41.820" endtime="20220124 22:11:41.871"/>
</kw>
<status status="PASS" starttime="20220124 22:11:40.572" endtime="20220124 22:11:41.871"/>
</test>
<status status="PASS" starttime="20220124 22:11:39.259" endtime="20220124 22:11:41.872"/>
</suite>
<statistics>
<total>
<stat pass="2" fail="0" skip="0">All Tests</stat>
</total>
<tag>
</tag>
<suite>
<stat pass="2" fail="0" skip="0" id="s1" name="Test login">Test login</stat>
</suite>
</statistics>
<errors>
</errors>
</robot>
